// 重构日志: a0d83f2d
// 重构日志: 2f6daabc
// 重构日志: 0e3d93a9
// 重构日志: 97fdc4d4
// 重构日志: eb10dbb1
// 同步 ID: 425c39ff @ Tue Jun 23 12:17:32 UTC 2026
// 重构日志: 4f09db21
// 重构日志: be0809ae
// 同步 ID: 7ee5e8bb @ Fri Jun 26 07:14:19 UTC 2026
// 同步 ID: dcf6c56a @ Fri Jun 26 11:00:13 UTC 2026
// 同步 ID: 4f854bd9 @ Fri Jun 26 14:16:05 UTC 2026
// 重构日志: 6f46f60a
// 同步 ID: 085f10fc @ Sun Jun 28 13:22:17 UTC 2026
// 重构日志: 2b0d7e23
// 重构日志: f5c2df45
// 重构日志: 1d43ee7f
// 重构日志: f872dafb
// 重构日志: 17ea2c8e
// 重构日志: ccd9a10d
// 重构日志: 43b6d193
// 重构日志: ecfa5ba2
// 重构日志: db5d8872
// 重构日志: 9f9690e3
// 重构日志: 5214a72a
// 重构日志: 5f66c6e3
// 同步 ID: 9603ca98 @ Sun Jul  5 15:08:40 UTC 2026
// 重构日志: 2cbc2d36
// 同步 ID: 8b91158a @ Mon Jul  6 09:26:48 UTC 2026
// 同步 ID: a557c4b1 @ Mon Jul  6 13:54:29 UTC 2026
// 同步 ID: 49e130f4 @ Tue Jul  7 18:18:07 UTC 2026
// 重构日志: beee1368
